Processing image3.txt
View: Number
+-----------------+
| number          |
+-----------------+
| 16:(324,326)    |
| 17:(439,441)    |
| 255:(1693,1696) |
| 255:(1700,1703) |
| 255:(1707,1710) |
| 0:(1750,1751)   |
| 0:(1755,1756)   |
| 0:(1760,1761)   |
| 128:(1875,1878) |
| 128:(1882,1885) |
| 128:(1889,1892) |
| 50:(2393,2395)  |
| 150:(2399,2402) |
| 50:(2406,2408)  |
| 0:(2654,2655)   |
| 255:(2659,2662) |
| 0:(2666,2667)   |
+-----------------+
17 rows in set

View: Color
+---------------+
| color         |
+---------------+
| B:(884,885)   |
| R:(1106,1107) |
| G:(1107,1108) |
| B:(1108,1109) |
| R:(1167,1168) |
| G:(1168,1169) |
| B:(1169,1170) |
| R:(1691,1692) |
| G:(1698,1699) |
| B:(1705,1706) |
| R:(1748,1749) |
| G:(1753,1754) |
| B:(1758,1759) |
| R:(1818,1819) |
| G:(1819,1820) |
| B:(1820,1821) |
| R:(1873,1874) |
| G:(1880,1881) |
| B:(1887,1888) |
| B:(2286,2287) |
| R:(2376,2377) |
| G:(2377,2378) |
| B:(2378,2379) |
| R:(2391,2392) |
| G:(2397,2398) |
| B:(2404,2405) |
| R:(2452,2453) |
| G:(2453,2454) |
| B:(2454,2455) |
| R:(2652,2653) |
| G:(2657,2658) |
| B:(2664,2665) |
+---------------+
32 rows in set

View: RGBunit
+-------------------+---------------+-----------------+
| Rgbunit           | color         | value           |
+-------------------+---------------+-----------------+
| R=255:(1691,1696) | R:(1691,1692) | 255:(1693,1696) |
| G=255:(1698,1703) | G:(1698,1699) | 255:(1700,1703) |
| B=255:(1705,1710) | B:(1705,1706) | 255:(1707,1710) |
| R=0:(1748,1751)   | R:(1748,1749) | 0:(1750,1751)   |
| G=0:(1753,1756)   | G:(1753,1754) | 0:(1755,1756)   |
| B=0:(1758,1761)   | B:(1758,1759) | 0:(1760,1761)   |
| R=128:(1873,1878) | R:(1873,1874) | 128:(1875,1878) |
| G=128:(1880,1885) | G:(1880,1881) | 128:(1882,1885) |
| B=128:(1887,1892) | B:(1887,1888) | 128:(1889,1892) |
| R=50:(2391,2395)  | R:(2391,2392) | 50:(2393,2395)  |
| G=150:(2397,2402) | G:(2397,2398) | 150:(2399,2402) |
| B=50:(2404,2408)  | B:(2404,2405) | 50:(2406,2408)  |
| R=0:(2652,2655)   | R:(2652,2653) | 0:(2654,2655)   |
| G=255:(2657,2662) | G:(2657,2658) | 255:(2659,2662) |
| B=0:(2664,2667)   | B:(2664,2665) | 0:(2666,2667)   |
+-------------------+---------------+-----------------+
15 rows in set

View: RGB
+---------------------------------+-------------------+--------------------------+-------------------+-------------------+
| RGB                             | Red               | GreenAndBlue             | Green             | Blue              |
+---------------------------------+-------------------+--------------------------+-------------------+-------------------+
| R=255, G=255, B=255:(1691,1710) | R=255:(1691,1696) | G=255, B=255:(1698,1710) | G=255:(1698,1703) | B=255:(1705,1710) |
| R=0, G=0, B=0:(1748,1761)       | R=0:(1748,1751)   | G=0, B=0:(1753,1761)     | G=0:(1753,1756)   | B=0:(1758,1761)   |
| R=128, G=128, B=128:(1873,1892) | R=128:(1873,1878) | G=128, B=128:(1880,1892) | G=128:(1880,1885) | B=128:(1887,1892) |
| R=50, G=150, B=50:(2391,2408)   | R=50:(2391,2395)  | G=150, B=50:(2397,2408)  | G=150:(2397,2402) | B=50:(2404,2408)  |
| R=0, G=255, B=0:(2652,2667)     | R=0:(2652,2655)   | G=255, B=0:(2657,2667)   | G=255:(2657,2662) | B=0:(2664,2667)   |
+---------------------------------+-------------------+--------------------------+-------------------+-------------------+
5 rows in set

View: Pixel
+-------+------+-------+
| Pixel | Left | Right |
+-------+------+-------+
(Empty set)

View: GAB
+--------------------------+-------------------+
| GreenAndBlue             | Red               |
+--------------------------+-------------------+
| G=255, B=255:(1698,1710) | R=255:(1691,1696) |
| G=0, B=0:(1753,1761)     | R=0:(1748,1751)   |
| G=128, B=128:(1880,1892) | R=128:(1873,1878) |
| G=150, B=50:(2397,2408)  | R=50:(2391,2395)  |
| G=255, B=0:(2657,2667)   | R=0:(2652,2655)   |
+--------------------------+-------------------+
5 rows in set

