Processing image2.txt
View: Number
+------------------+
| number           |
+------------------+
| 6:(158,159)      |
| 24:(392,394)     |
| 256:(465,468)    |
| 255:(546,549)    |
| 102:(553,556)    |
| 0:(560,561)      |
| 255:(582,585)    |
| 153:(589,592)    |
| 204:(596,599)    |
| 16:(625,627)     |
| 32:(766,768)     |
| 24:(786,788)     |
| 24:(896,898)     |
| 24:(950,952)     |
| 24:(1021,1023)   |
| 32:(1027,1029)   |
| 800:(1264,1267)  |
| 600:(1270,1273)  |
| 1520:(1277,1281) |
| 1280:(1284,1288) |
| 255:(1589,1592)  |
| 153:(1596,1599)  |
| 204:(1603,1606)  |
| 2048:(1627,1631) |
| 1536:(1641,1645) |
| 230:(1656,1659)  |
| 123:(1663,1666)  |
| 111:(1670,1673)  |
| 3:(1704,1705)    |
| 145:(1706,1709)  |
| 728:(1710,1713)  |
| 3:(1748,1749)    |
| 5184:(1793,1797) |
| 3546:(1807,1811) |
| 255:(1822,1825)  |
| 199:(1829,1832)  |
| 20:(1836,1838)   |
| 18:(1860,1862)   |
| 382:(1863,1866)  |
| 464:(1867,1870)  |
| 18:(1881,1883)   |
| 8:(1988,1989)    |
| 18:(2013,2015)   |
| 1024:(2168,2172) |
| 4096:(2176,2180) |
| 768:(2196,2199)  |
| 3072:(2203,2207) |
| 244:(2218,2221)  |
| 13:(2225,2227)   |
| 68:(2231,2233)   |
| 1920:(2246,2250) |
| 1080:(2253,2257) |
| 20:(3877,3879)   |
| 3:(3895,3896)    |
| 102:(3945,3948)  |
| 18:(4002,4004)   |
| 259:(4050,4053)  |
| 33:(4064,4066)   |
| 66:(4070,4072)   |
| 99:(4076,4078)   |
| 2:(4090,4091)    |
| 5:(4092,4093)    |
| 3:(4123,4124)    |
| 8:(4884,4885)    |
| 300:(5011,5014)  |
| 8:(5068,5069)    |
| 200:(5172,5175)  |
+------------------+
67 rows in set

View: Color
+---------------+
| color         |
+---------------+
| G:(78,79)     |
| R:(399,400)   |
| G:(400,401)   |
| B:(401,402)   |
| R:(544,545)   |
| G:(551,552)   |
| B:(558,559)   |
| R:(580,581)   |
| G:(587,588)   |
| B:(594,595)   |
| R:(793,794)   |
| G:(794,795)   |
| B:(795,796)   |
| R:(957,958)   |
| G:(958,959)   |
| B:(959,960)   |
| R:(1587,1588) |
| G:(1594,1595) |
| B:(1601,1602) |
| R:(1654,1655) |
| G:(1661,1662) |
| B:(1668,1669) |
| R:(1820,1821) |
| G:(1827,1828) |
| B:(1834,1835) |
| R:(2216,2217) |
| G:(2223,2224) |
| B:(2229,2230) |
| B:(2615,2616) |
| R:(3405,3406) |
| R:(3509,3510) |
| B:(3690,3691) |
| R:(4062,4063) |
| G:(4068,4069) |
| B:(4074,4075) |
| G:(4989,4990) |
| R:(5115,5116) |
| G:(5155,5156) |
+---------------+
38 rows in set

View: RGBunit
+-------------------+---------------+-----------------+
| Rgbunit           | color         | value           |
+-------------------+---------------+-----------------+
| R=255:(544,549)   | R:(544,545)   | 255:(546,549)   |
| G=102:(551,556)   | G:(551,552)   | 102:(553,556)   |
| B=0:(558,561)     | B:(558,559)   | 0:(560,561)     |
| R=255:(580,585)   | R:(580,581)   | 255:(582,585)   |
| G=153:(587,592)   | G:(587,588)   | 153:(589,592)   |
| B=204:(594,599)   | B:(594,595)   | 204:(596,599)   |
| R=255:(1587,1592) | R:(1587,1588) | 255:(1589,1592) |
| G=153:(1594,1599) | G:(1594,1595) | 153:(1596,1599) |
| B=204:(1601,1606) | B:(1601,1602) | 204:(1603,1606) |
| R=230:(1654,1659) | R:(1654,1655) | 230:(1656,1659) |
| G=123:(1661,1666) | G:(1661,1662) | 123:(1663,1666) |
| B=111:(1668,1673) | B:(1668,1669) | 111:(1670,1673) |
| R=255:(1820,1825) | R:(1820,1821) | 255:(1822,1825) |
| G=199:(1827,1832) | G:(1827,1828) | 199:(1829,1832) |
| B=20:(1834,1838)  | B:(1834,1835) | 20:(1836,1838)  |
| R=244:(2216,2221) | R:(2216,2217) | 244:(2218,2221) |
| G=13:(2223,2227)  | G:(2223,2224) | 13:(2225,2227)  |
| B=68:(2229,2233)  | B:(2229,2230) | 68:(2231,2233)  |
| R=33:(4062,4066)  | R:(4062,4063) | 33:(4064,4066)  |
| G=66:(4068,4072)  | G:(4068,4069) | 66:(4070,4072)  |
| B=99:(4074,4078)  | B:(4074,4075) | 99:(4076,4078)  |
+-------------------+---------------+-----------------+
21 rows in set

View: RGB
+---------------------------------+-------------------+--------------------------+-------------------+-------------------+
| RGB                             | Red               | GreenAndBlue             | Green             | Blue              |
+---------------------------------+-------------------+--------------------------+-------------------+-------------------+
| R=255, G=102, B=0:(544,561)     | R=255:(544,549)   | G=102, B=0:(551,561)     | G=102:(551,556)   | B=0:(558,561)     |
| R=255, G=153, B=204:(580,599)   | R=255:(580,585)   | G=153, B=204:(587,599)   | G=153:(587,592)   | B=204:(594,599)   |
| R=255, G=153, B=204:(1587,1606) | R=255:(1587,1592) | G=153, B=204:(1594,1606) | G=153:(1594,1599) | B=204:(1601,1606) |
| R=230, G=123, B=111:(1654,1673) | R=230:(1654,1659) | G=123, B=111:(1661,1673) | G=123:(1661,1666) | B=111:(1668,1673) |
| R=255, G=199, B=20:(1820,1838)  | R=255:(1820,1825) | G=199, B=20:(1827,1838)  | G=199:(1827,1832) | B=20:(1834,1838)  |
| R=244, G=13, B=68:(2216,2233)   | R=244:(2216,2221) | G=13, B=68:(2223,2233)   | G=13:(2223,2227)  | B=68:(2229,2233)  |
| R=33, G=66, B=99:(4062,4078)    | R=33:(4062,4066)  | G=66, B=99:(4068,4078)   | G=66:(4068,4072)  | B=99:(4074,4078)  |
+---------------------------------+-------------------+--------------------------+-------------------+-------------------+
7 rows in set

View: Pixel
+-------------------------+------------------+------------------+
| Pixel                   | Left             | Right            |
+-------------------------+------------------+------------------+
| 800 x 600:(1264,1273)   | 800:(1264,1267)  | 600:(1270,1273)  |
| 1520 x 1280:(1277,1288) | 1520:(1277,1281) | 1280:(1284,1288) |
| 1920 x 1080:(2246,2257) | 1920:(2246,2250) | 1080:(2253,2257) |
+-------------------------+------------------+------------------+
3 rows in set

View: GAB
+--------------------------+-------------------+
| GreenAndBlue             | Red               |
+--------------------------+-------------------+
| G=102, B=0:(551,561)     | R=255:(544,549)   |
| G=153, B=204:(587,599)   | R=255:(580,585)   |
| G=153, B=204:(1594,1606) | R=255:(1587,1592) |
| G=123, B=111:(1661,1673) | R=230:(1654,1659) |
| G=199, B=20:(1827,1838)  | R=255:(1820,1825) |
| G=13, B=68:(2223,2233)   | R=244:(2216,2221) |
| G=66, B=99:(4068,4078)   | R=33:(4062,4066)  |
+--------------------------+-------------------+
7 rows in set

