Processing image1.txt
View: Number
+-----------------+
| number          |
+-----------------+
| 24:(940,942)    |
| 30:(1118,1120)  |
| 24:(1936,1938)  |
| 54:(1996,1998)  |
| 4:(2172,2173)   |
| 24:(2239,2241)  |
| 50:(2363,2365)  |
| 50:(2372,2374)  |
| 0:(2382,2383)   |
| 256:(2561,2564) |
| 8:(2600,2601)   |
| 24:(2644,2646)  |
| 80:(3460,3462)  |
| 26:(3478,3480)  |
| 26:(3500,3502)  |
| 10:(3522,3524)  |
| 300:(3625,3628) |
| 300:(3638,3641) |
| 000:(3642,3645) |
| 1:(3646,3647)   |
| 600:(3707,3710) |
| 600:(3713,3716) |
| 24:(3725,3727)  |
| 1:(3750,3751)   |
| 440:(3752,3755) |
| 1:(3766,3767)   |
| 440:(3768,3771) |
| 600:(3776,3779) |
| 600:(3782,3785) |
| 3:(3789,3790)   |
| 1:(3791,3792)   |
| 3:(3795,3796)   |
| 1:(3819,3820)   |
| 4:(3874,3875)   |
| 1:(3912,3913)   |
| 80:(3983,3985)  |
| 1:(4033,4034)   |
| 000:(4035,4038) |
| 80:(4183,4185)  |
| 000:(4186,4189) |
| 3:(4231,4232)   |
| 240:(4282,4285) |
| 2:(4367,4368)   |
| 2:(4410,4411)   |
| 1:(4412,4413)   |
| 80:(4508,4510)  |
| 000:(4511,4514) |
| 231:(4616,4619) |
| 134:(4623,4626) |
| 098:(4630,4633) |
| 80:(4673,4675)  |
| 000:(4676,4679) |
| 230:(4747,4750) |
| 134:(4754,4757) |
| 099:(4761,4764) |
| 2:(4767,4768)   |
| 2:(4769,4770)   |
| 300:(4788,4791) |
| 000:(4792,4795) |
| 600:(4826,4829) |
| 600:(4832,4835) |
| 300:(4862,4865) |
| 000:(4866,4869) |
| 2:(4922,4923)   |
| 3:(4924,4925)   |
| 300:(4943,4946) |
| 000:(4947,4950) |
| 80:(5023,5025)  |
| 000:(5026,5029) |
| 80:(5241,5243)  |
| 000:(5244,5247) |
| 80:(5409,5411)  |
| 1:(5473,5474)   |
| 000:(5475,5478) |
| 240:(6317,6320) |
+-----------------+
75 rows in set

View: Color
+---------------+
| color         |
+---------------+
| B:(979,980)   |
| B:(1341,1342) |
| B:(1542,1543) |
| B:(1706,1707) |
| R:(2075,2076) |
| G:(2076,2077) |
| B:(2077,2078) |
| B:(2246,2247) |
| R:(2367,2368) |
| B:(2376,2377) |
| G:(2385,2386) |
| B:(2478,2479) |
| B:(2571,2572) |
| B:(2606,2607) |
| B:(3630,3631) |
| B:(3757,3758) |
| R:(3805,3806) |
| G:(3806,3807) |
| B:(3807,3808) |
| R:(4039,4040) |
| G:(4040,4041) |
| B:(4041,4042) |
| R:(4072,4073) |
| G:(4073,4074) |
| B:(4074,4075) |
| R:(4112,4113) |
| G:(4113,4114) |
| B:(4114,4115) |
| B:(4287,4288) |
| R:(4614,4615) |
| G:(4621,4622) |
| B:(4628,4629) |
| R:(4745,4746) |
| G:(4752,4753) |
| B:(4759,4760) |
| R:(4772,4773) |
| R:(4974,4975) |
| G:(4975,4976) |
| B:(4976,4977) |
| R:(5218,5219) |
| G:(5219,5220) |
| B:(5220,5221) |
| R:(5248,5249) |
| G:(5249,5250) |
| B:(5250,5251) |
| R:(5452,5453) |
| G:(5453,5454) |
| B:(5454,5455) |
| R:(5479,5480) |
| G:(5480,5481) |
| B:(5481,5482) |
| B:(6322,6323) |
+---------------+
52 rows in set

View: RGBunit
+-------------------+---------------+-----------------+
| Rgbunit           | color         | value           |
+-------------------+---------------+-----------------+
| R=231:(4614,4619) | R:(4614,4615) | 231:(4616,4619) |
| G=134:(4621,4626) | G:(4621,4622) | 134:(4623,4626) |
| B=098:(4628,4633) | B:(4628,4629) | 098:(4630,4633) |
| R=230:(4745,4750) | R:(4745,4746) | 230:(4747,4750) |
| G=134:(4752,4757) | G:(4752,4753) | 134:(4754,4757) |
| B=099:(4759,4764) | B:(4759,4760) | 099:(4761,4764) |
+-------------------+---------------+-----------------+
6 rows in set

View: RGB
+---------------------------------+-------------------+--------------------------+-------------------+-------------------+
| RGB                             | Red               | GreenAndBlue             | Green             | Blue              |
+---------------------------------+-------------------+--------------------------+-------------------+-------------------+
| R=231, G=134, B=098:(4614,4633) | R=231:(4614,4619) | G=134, B=098:(4621,4633) | G=134:(4621,4626) | B=098:(4628,4633) |
| R=230, G=134, B=099:(4745,4764) | R=230:(4745,4750) | G=134, B=099:(4752,4764) | G=134:(4752,4757) | B=099:(4759,4764) |
+---------------------------------+-------------------+--------------------------+-------------------+-------------------+
2 rows in set

View: Pixel
+-----------------------+-----------------+-----------------+
| Pixel                 | Left            | Right           |
+-----------------------+-----------------+-----------------+
| 600 x 600:(3707,3716) | 600:(3707,3710) | 600:(3713,3716) |
| 600 x 600:(3776,3785) | 600:(3776,3779) | 600:(3782,3785) |
| 600 x 600:(4826,4835) | 600:(4826,4829) | 600:(4832,4835) |
+-----------------------+-----------------+-----------------+
3 rows in set

View: GAB
+--------------------------+-------------------+
| GreenAndBlue             | Red               |
+--------------------------+-------------------+
| G=134, B=098:(4621,4633) | R=231:(4614,4619) |
| G=134, B=099:(4752,4764) | R=230:(4745,4750) |
+--------------------------+-------------------+
2 rows in set

