Processing NBA.txt
View: BW
+-------------------------+
| BigWord                 |
+-------------------------+
| The:(10,13)             |
| Los:(14,17)             |
| Angeles:(18,25)         |
| Lakers:(26,32)          |
| Kobe:(34,38)            |
| Bryant:(39,45)          |
| All:(101,104)           |
| Star:(105,109)          |
| Voting:(110,116)        |
| Verizon:(135,142)       |
| Bryant:(144,150)        |
| All:(162,165)           |
| Star:(166,170)          |
| Golden:(231,237)        |
| State:(238,243)         |
| Warriors:(244,252)      |
| Stephen:(254,261)       |
| Curry:(262,267)         |
| Cleveland:(286,295)     |
| Cavaliers:(296,305)     |
| Le:(307,309)            |
| Bron:(309,313)          |
| James:(314,319)         |
| Eastern:(335,342)       |
| Conference:(343,353)    |
| James:(374,379)         |
| Indiana:(385,392)       |
| Pacers:(393,399)        |
| Paul:(401,405)          |
| George:(406,412)        |
| Detroit:(431,438)       |
| Pistons:(439,446)       |
| Andre:(448,453)         |
| Drummond:(454,462)      |
| East:(482,486)          |
| The:(509,512)           |
| Miami:(513,518)         |
| Heat:(519,523)          |
| Dwyane:(526,532)        |
| Wade:(533,537)          |
| East:(581,585)          |
| Cavaliers:(610,619)     |
| Kyrie:(621,626)         |
| Irving:(627,633)        |
| Curry:(645,650)         |
| Warriors:(705,713)      |
| Western:(734,741)       |
| Conference:(742,752)    |
| All:(778,781)           |
| Star:(782,786)          |
| Game:(787,791)          |
| Russell:(796,803)       |
| Westbrook:(804,813)     |
| Oklahoma:(821,829)      |
| City:(830,834)          |
| Thunder:(835,842)       |
| Bryant:(854,860)        |
| Thunder:(866,873)       |
| Kevin:(876,881)         |
| Durant:(882,888)        |
| Los:(907,910)           |
| Angeles:(911,918)       |
| Clippers:(919,927)      |
| Blake:(929,934)         |
| Griffin:(935,942)       |
| West:(962,966)          |
| Bryant:(987,993)        |
| All:(1023,1026)         |
| Star:(1027,1031)        |
| Game:(1032,1036)        |
| All:(1070,1073)         |
| Star:(1074,1078)        |
| Kareem:(1117,1123)      |
| Abdul:(1124,1129)       |
| Jabbar:(1130,1136)      |
| Bryant:(1166,1172)      |
| The:(1230,1233)         |
| All:(1243,1246)         |
| Star:(1247,1251)        |
| Game:(1252,1256)        |
| Sunday:(1270,1276)      |
| Feb:(1278,1281)         |
| Air:(1289,1292)         |
| Canada:(1293,1299)      |
| Centre:(1300,1306)      |
| Toronto:(1310,1317)     |
| All:(1329,1332)         |
| Star:(1333,1337)        |
| Game:(1338,1342)        |
| The:(1374,1377)         |
| All:(1514,1517)         |
| Star:(1518,1522)        |
| Game:(1523,1527)        |
| Turner:(1579,1585)      |
| Sports:(1586,1592)      |
| All:(1611,1614)         |
| Star:(1615,1619)        |
| All:(1634,1637)         |
| Star:(1638,1642)        |
| Voting:(1643,1649)      |
| Verizon:(1668,1675)     |
| All:(1800,1803)         |
| Star:(1804,1808)        |
| Game:(1809,1813)        |
| New:(1815,1818)         |
| Google:(1901,1907)      |
| Search:(1908,1914)      |
| They:(1960,1964)        |
| App:(2007,2010)         |
| Android:(2025,2032)     |
| Twitter:(2088,2095)     |
| Facebook:(2097,2105)    |
| Instagram:(2110,2119)   |
| Sina:(2136,2140)        |
| Weibo:(2141,2146)       |
| Tencent:(2151,2158)     |
| Microblogs:(2159,2169)  |
| China:(2173,2178)       |
| All:(2180,2183)         |
| Fans:(2233,2237)        |
| App:(2362,2365)         |
| How:(2367,2370)         |
| Fill:(2417,2421)        |
| App:(2504,2507)         |
| Access:(2509,2515)      |
| Android:(2575,2582)     |
| Fans:(2592,2596)        |
| Twitter:(2635,2642)     |
| Tweet:(2644,2649)       |
| Each:(2740,2744)        |
| Fans:(2787,2791)        |
| All:(2847,2850)         |
| Star:(2851,2855)        |
| Facebook:(2871,2879)    |
| Use:(2881,2884)         |
| Facebook:(2977,2985)    |
| Facebook:(3019,3027)    |
| Fans:(3034,3038)        |
| Instagram:(3135,3144)   |
| Post:(3146,3150)        |
| Fans:(3254,3258)        |
| Text:(3354,3358)        |
| Fans:(3429,3433)        |
| Message:(3591,3598)     |
| Google:(3625,3631)      |
| Search:(3632,3638)      |
| Search:(3640,3646)      |
| Vote:(3652,3656)        |
| All:(3657,3660)         |
| Star:(3661,3665)        |
| Vote:(3675,3679)        |
| Team:(3680,3684)        |
| Name:(3685,3689)        |
| Vote:(3700,3704)        |
| Celtics:(3705,3712)     |
| Voters:(3763,3769)      |
| Voting:(3845,3851)      |
| Monday:(3866,3872)      |
| Jan:(3874,3877)         |
| Starters:(3910,3918)    |
| Thursday:(3952,3960)    |
| Jan:(3962,3965)         |
| Tip:(4015,4018)         |
| Off:(4019,4022)         |
| Autotrader:(4036,4046)  |
| Ernie:(4075,4080)       |
| Johnson:(4081,4088)     |
| Charles:(4090,4097)     |
| Barkley:(4098,4105)     |
| Shaquille:(4107,4116)   |
| Neal:(4119,4123)        |
| Kenny:(4128,4133)       |
| Smith:(4134,4139)       |
| The:(4141,4144)         |
| Clippers:(4214,4222)    |
| Cavaliers:(4230,4239)   |
| San:(4260,4263)         |
| Antonio:(4264,4271)     |
| Spurs:(4272,4277)       |
| Phoenix:(4285,4292)     |
| Suns:(4293,4297)        |
| All:(4319,4322)         |
| Star:(4323,4327)        |
| Toronto:(4336,4343)     |
| Along:(4475,4480)       |
| All:(4494,4497)         |
| Star:(4498,4502)        |
| Game:(4503,4507)        |
| Air:(4513,4516)         |
| Canada:(4517,4523)      |
| Centre:(4524,4530)      |
| Compass:(4555,4562)     |
| Rising:(4563,4569)      |
| Stars:(4570,4575)       |
| Challenge:(4576,4585)   |
| Friday:(4589,4595)      |
| Feb:(4597,4600)         |
| State:(4609,4614)       |
| Farm:(4615,4619)        |
| All:(4620,4623)         |
| Star:(4624,4628)        |
| Saturday:(4629,4637)    |
| Night:(4638,4643)       |
| Saturday:(4647,4655)    |
| Feb:(4657,4660)         |
| Other:(4666,4671)       |
| All:(4686,4689)         |
| Star:(4690,4694)        |
| All:(4716,4719)         |
| Star:(4720,4724)        |
| Celebrity:(4725,4734)   |
| Game:(4735,4739)        |
| Development:(4752,4763) |
| League:(4764,4770)      |
| All:(4771,4774)         |
| Star:(4775,4779)        |
| Game:(4780,4784)        |
| Kumho:(4798,4803)       |
| Tire:(4804,4808)        |
| See:(4810,4813)         |
| All:(4849,4852)         |
| Star:(4853,4857)        |
| Voting:(4858,4864)      |
| Verizon:(4883,4890)     |
| The:(4903,4906)         |
| Los:(4907,4910)         |
| Angeles:(4911,4918)     |
| Lakers:(4919,4925)      |
| Kobe:(4927,4931)        |
| Bryant:(4932,4938)      |
| All:(4994,4997)         |
| Star:(4998,5002)        |
| Voting:(5003,5009)      |
| Verizon:(5028,5035)     |
| Bryant:(5037,5043)      |
| All:(5055,5058)         |
| Star:(5059,5063)        |
| Golden:(5124,5130)      |
| State:(5131,5136)       |
| Warriors:(5137,5145)    |
| Stephen:(5147,5154)     |
| Curry:(5155,5160)       |
| Cleveland:(5179,5188)   |
| Cavaliers:(5189,5198)   |
| Le:(5200,5202)          |
| Bron:(5202,5206)        |
| James:(5207,5212)       |
| Eastern:(5228,5235)     |
| Conference:(5236,5246)  |
| James:(5267,5272)       |
| Indiana:(5278,5285)     |
| Pacers:(5286,5292)      |
| Paul:(5294,5298)        |
| George:(5299,5305)      |
| Detroit:(5324,5331)     |
| Pistons:(5332,5339)     |
| Andre:(5341,5346)       |
| Drummond:(5347,5355)    |
| East:(5375,5379)        |
| The:(5402,5405)         |
| Miami:(5406,5411)       |
| Heat:(5412,5416)        |
| Dwyane:(5419,5425)      |
| Wade:(5426,5430)        |
| East:(5474,5478)        |
| Cavaliers:(5503,5512)   |
| Kyrie:(5514,5519)       |
| Irving:(5520,5526)      |
| Curry:(5538,5543)       |
| Warriors:(5598,5606)    |
| Western:(5627,5634)     |
| Conference:(5635,5645)  |
| All:(5671,5674)         |
| Star:(5675,5679)        |
| Game:(5680,5684)        |
| Russell:(5689,5696)     |
| Westbrook:(5697,5706)   |
| Oklahoma:(5714,5722)    |
| City:(5723,5727)        |
| Thunder:(5728,5735)     |
| Bryant:(5747,5753)      |
| Thunder:(5759,5766)     |
| Kevin:(5769,5774)       |
| Durant:(5775,5781)      |
| Los:(5800,5803)         |
| Angeles:(5804,5811)     |
| Clippers:(5812,5820)    |
| Blake:(5822,5827)       |
| Griffin:(5828,5835)     |
| West:(5855,5859)        |
| Bryant:(5880,5886)      |
| All:(5916,5919)         |
| Star:(5920,5924)        |
| Game:(5925,5929)        |
| All:(5963,5966)         |
| Star:(5967,5971)        |
| Kareem:(6010,6016)      |
| Abdul:(6017,6022)       |
| Jabbar:(6023,6029)      |
| Bryant:(6059,6065)      |
| The:(6123,6126)         |
| All:(6136,6139)         |
| Star:(6140,6144)        |
| Game:(6145,6149)        |
| Sunday:(6163,6169)      |
| Feb:(6171,6174)         |
| Air:(6182,6185)         |
| Canada:(6186,6192)      |
| Centre:(6193,6199)      |
| Toronto:(6203,6210)     |
| All:(6222,6225)         |
| Star:(6226,6230)        |
| Game:(6231,6235)        |
| The:(6267,6270)         |
| All:(6407,6410)         |
| Star:(6411,6415)        |
| Game:(6416,6420)        |
| Turner:(6472,6478)      |
| Sports:(6479,6485)      |
| All:(6504,6507)         |
| Star:(6508,6512)        |
| All:(6527,6530)         |
| Star:(6531,6535)        |
| Voting:(6536,6542)      |
| Verizon:(6561,6568)     |
| All:(6693,6696)         |
| Star:(6697,6701)        |
| Game:(6702,6706)        |
| New:(6708,6711)         |
| Google:(6794,6800)      |
| Search:(6801,6807)      |
| They:(6853,6857)        |
| App:(6900,6903)         |
| Android:(6918,6925)     |
| Twitter:(6981,6988)     |
| Facebook:(6990,6998)    |
| Instagram:(7003,7012)   |
| Sina:(7029,7033)        |
| Weibo:(7034,7039)       |
| Tencent:(7044,7051)     |
| Microblogs:(7052,7062)  |
| China:(7066,7071)       |
| All:(7073,7076)         |
| Fans:(7126,7130)        |
| App:(7255,7258)         |
| How:(7260,7263)         |
+-------------------------+
346 rows in set

View: Data
+--------------------------------------------+
| Data                                       |
+--------------------------------------------+
| (510,202):(268,277)                        |
| (283,785):(413,422)                        |
| (148,278):(463,472)                        |
| (300,595):(538,547)                        |
| (138,191):(634,643)                        |
| (31.2 ppg):(681,691)                       |
| (267,699):(843,852)                        |
| (349,473):(889,898)                        |
| (182,107):(943,952)                        |
| (280 points):(1045,1057)                   |
| (available on Android and iOS):(2011,2041) |
| ("MYNBA"):(3395,3404)                      |
| (ex: NBA Vote Celtics):(3691,3713)         |
| (8 p.m. ET):(4240,4251)                    |
| (10:30 p.m. ET):(4298,4313)                |
| (510,202):(5161,5170)                      |
| (283,785):(5306,5315)                      |
| (148,278):(5356,5365)                      |
| (300,595):(5431,5440)                      |
| (138,191):(5527,5536)                      |
| (31.2 ppg):(5574,5584)                     |
| (267,699):(5736,5745)                      |
| (349,473):(5782,5791)                      |
| (182,107):(5836,5845)                      |
| (280 points):(5938,5950)                   |
| (available on Android and iOS):(6904,6934) |
+--------------------------------------------+
26 rows in set

View: ND
+------------------------------------------------+-----------------------------------+--------------------------------------------+
| NameAndData                                    | Name                              | Data                                       |
+------------------------------------------------+-----------------------------------+--------------------------------------------+
| Curry (510,202):(262,277)                      | Curry:(262,267)                   | (510,202):(268,277)                        |
| George (283,785):(406,422)                     | George:(406,412)                  | (283,785):(413,422)                        |
| Drummond (148,278):(454,472)                   | Drummond:(454,462)                | (148,278):(463,472)                        |
| Wade (300,595):(533,547)                       | Wade:(533,537)                    | (300,595):(538,547)                        |
| Irving (138,191):(627,643)                     | Irving:(627,633)                  | (138,191):(634,643)                        |
| Thunder (267,699):(835,852)                    | Thunder:(835,842)                 | (267,699):(843,852)                        |
| Durant (349,473):(882,898)                     | Durant:(882,888)                  | (349,473):(889,898)                        |
| Griffin (182,107):(935,952)                    | Griffin:(935,942)                 | (182,107):(943,952)                        |
| App (available on Android and iOS):(2007,2041) | App:(2007,2010)                   | (available on Android and iOS):(2011,2041) |
| Cavaliers (8 p.m. ET):(4230,4251)              | Cavaliers:(4230,4239)             | (8 p.m. ET):(4240,4251)                    |
| Suns (10:30 p.m. ET):(4293,4313)               | Suns:(4293,4297)                  | (10:30 p.m. ET):(4298,4313)                |
| Curry (510,202):(5155,5170)                    | Curry:(5155,5160)                 | (510,202):(5161,5170)                      |
| George (283,785):(5299,5315)                   | George:(5299,5305)                | (283,785):(5306,5315)                      |
| Drummond (148,278):(5347,5365)                 | Drummond:(5347,5355)              | (148,278):(5356,5365)                      |
| Wade (300,595):(5426,5440)                     | Wade:(5426,5430)                  | (300,595):(5431,5440)                      |
| Irving (138,191):(5520,5536)                   | Irving:(5520,5526)                | (138,191):(5527,5536)                      |
| Thunder (267,699):(5728,5745)                  | Thunder:(5728,5735)               | (267,699):(5736,5745)                      |
| Durant (349,473):(5775,5791)                   | Durant:(5775,5781)                | (349,473):(5782,5791)                      |
| Griffin (182,107):(5828,5845)                  | Griffin:(5828,5835)               | (182,107):(5836,5845)                      |
| App (available on Android and iOS):(6900,6934) | App:(6900,6903)                   | (available on Android and iOS):(6904,6934) |
| Stephen Curry (510,202):(254,277)              | Stephen Curry:(254,267)           | (510,202):(268,277)                        |
| Paul George (283,785):(401,422)                | Paul George:(401,412)             | (283,785):(413,422)                        |
| Andre Drummond (148,278):(448,472)             | Andre Drummond:(448,462)          | (148,278):(463,472)                        |
| Dwyane Wade (300,595):(526,547)                | Dwyane Wade:(526,537)             | (300,595):(538,547)                        |
| Kyrie Irving (138,191):(621,643)               | Kyrie Irving:(621,633)            | (138,191):(634,643)                        |
| City Thunder (267,699):(830,852)               | City Thunder:(830,842)            | (267,699):(843,852)                        |
| Kevin Durant (349,473):(876,898)               | Kevin Durant:(876,888)            | (349,473):(889,898)                        |
| Blake Griffin (182,107):(929,952)              | Blake Griffin:(929,942)           | (182,107):(943,952)                        |
| Phoenix Suns (10:30 p.m. ET):(4285,4313)       | Phoenix Suns:(4285,4297)          | (10:30 p.m. ET):(4298,4313)                |
| Stephen Curry (510,202):(5147,5170)            | Stephen Curry:(5147,5160)         | (510,202):(5161,5170)                      |
| Paul George (283,785):(5294,5315)              | Paul George:(5294,5305)           | (283,785):(5306,5315)                      |
| Andre Drummond (148,278):(5341,5365)           | Andre Drummond:(5341,5355)        | (148,278):(5356,5365)                      |
| Dwyane Wade (300,595):(5419,5440)              | Dwyane Wade:(5419,5430)           | (300,595):(5431,5440)                      |
| Kyrie Irving (138,191):(5514,5536)             | Kyrie Irving:(5514,5526)          | (138,191):(5527,5536)                      |
| City Thunder (267,699):(5723,5745)             | City Thunder:(5723,5735)          | (267,699):(5736,5745)                      |
| Kevin Durant (349,473):(5769,5791)             | Kevin Durant:(5769,5781)          | (349,473):(5782,5791)                      |
| Blake Griffin (182,107):(5822,5845)            | Blake Griffin:(5822,5835)         | (182,107):(5836,5845)                      |
| Oklahoma City Thunder (267,699):(821,852)      | Oklahoma City Thunder:(821,842)   | (267,699):(843,852)                        |
| Oklahoma City Thunder (267,699):(5714,5745)    | Oklahoma City Thunder:(5714,5735) | (267,699):(5736,5745)                      |
+------------------------------------------------+-----------------------------------+--------------------------------------------+
39 rows in set

View: TeamAndPlayer
+--------------------------------------------+-----------------------------------+---------------------+
| TeamAndPlayer                              | TeamName                          | Player              |
+--------------------------------------------+-----------------------------------+---------------------+
| Lakers' Kobe:(26,38)                       | Lakers:(26,32)                    | Kobe:(34,38)        |
| Warriors' Stephen:(244,261)                | Warriors:(244,252)                | Stephen:(254,261)   |
| Cavaliers' Le:(296,309)                    | Cavaliers:(296,305)               | Le:(307,309)        |
| Pacers' Paul:(393,405)                     | Pacers:(393,399)                  | Paul:(401,405)      |
| Pistons' Andre:(439,453)                   | Pistons:(439,446)                 | Andre:(448,453)     |
| Cavaliers' Kyrie:(610,626)                 | Cavaliers:(610,619)               | Kyrie:(621,626)     |
| Clippers' Blake:(919,934)                  | Clippers:(919,927)                | Blake:(929,934)     |
| Lakers' Kobe:(4919,4931)                   | Lakers:(4919,4925)                | Kobe:(4927,4931)    |
| Warriors' Stephen:(5137,5154)              | Warriors:(5137,5145)              | Stephen:(5147,5154) |
| Cavaliers' Le:(5189,5202)                  | Cavaliers:(5189,5198)             | Le:(5200,5202)      |
| Pacers' Paul:(5286,5298)                   | Pacers:(5286,5292)                | Paul:(5294,5298)    |
| Pistons' Andre:(5332,5346)                 | Pistons:(5332,5339)               | Andre:(5341,5346)   |
| Cavaliers' Kyrie:(5503,5519)               | Cavaliers:(5503,5512)             | Kyrie:(5514,5519)   |
| Clippers' Blake:(5812,5827)                | Clippers:(5812,5820)              | Blake:(5822,5827)   |
| Angeles Lakers' Kobe:(18,38)               | Angeles Lakers:(18,32)            | Kobe:(34,38)        |
| State Warriors' Stephen:(238,261)          | State Warriors:(238,252)          | Stephen:(254,261)   |
| Cleveland Cavaliers' Le:(286,309)          | Cleveland Cavaliers:(286,305)     | Le:(307,309)        |
| Indiana Pacers' Paul:(385,405)             | Indiana Pacers:(385,399)          | Paul:(401,405)      |
| Detroit Pistons' Andre:(431,453)           | Detroit Pistons:(431,446)         | Andre:(448,453)     |
| Angeles Clippers' Blake:(911,934)          | Angeles Clippers:(911,927)        | Blake:(929,934)     |
| Angeles Lakers' Kobe:(4911,4931)           | Angeles Lakers:(4911,4925)        | Kobe:(4927,4931)    |
| State Warriors' Stephen:(5131,5154)        | State Warriors:(5131,5145)        | Stephen:(5147,5154) |
| Cleveland Cavaliers' Le:(5179,5202)        | Cleveland Cavaliers:(5179,5198)   | Le:(5200,5202)      |
| Indiana Pacers' Paul:(5278,5298)           | Indiana Pacers:(5278,5292)        | Paul:(5294,5298)    |
| Detroit Pistons' Andre:(5324,5346)         | Detroit Pistons:(5324,5339)       | Andre:(5341,5346)   |
| Angeles Clippers' Blake:(5804,5827)        | Angeles Clippers:(5804,5820)      | Blake:(5822,5827)   |
| Los Angeles Lakers' Kobe:(14,38)           | Los Angeles Lakers:(14,32)        | Kobe:(34,38)        |
| Golden State Warriors' Stephen:(231,261)   | Golden State Warriors:(231,252)   | Stephen:(254,261)   |
| Los Angeles Clippers' Blake:(907,934)      | Los Angeles Clippers:(907,927)    | Blake:(929,934)     |
| Los Angeles Lakers' Kobe:(4907,4931)       | Los Angeles Lakers:(4907,4925)    | Kobe:(4927,4931)    |
| Golden State Warriors' Stephen:(5124,5154) | Golden State Warriors:(5124,5145) | Stephen:(5147,5154) |
| Los Angeles Clippers' Blake:(5800,5827)    | Los Angeles Clippers:(5800,5820)  | Blake:(5822,5827)   |
+--------------------------------------------+-----------------------------------+---------------------+
32 rows in set

View: Player
+-----------------------------------+
| Player                            |
+-----------------------------------+
| Curry:(262,267)                   |
| George:(406,412)                  |
| Drummond:(454,462)                |
| Wade:(533,537)                    |
| Irving:(627,633)                  |
| Thunder:(835,842)                 |
| Durant:(882,888)                  |
| Griffin:(935,942)                 |
| App:(2007,2010)                   |
| Cavaliers:(4230,4239)             |
| Suns:(4293,4297)                  |
| Curry:(5155,5160)                 |
| George:(5299,5305)                |
| Drummond:(5347,5355)              |
| Wade:(5426,5430)                  |
| Irving:(5520,5526)                |
| Thunder:(5728,5735)               |
| Durant:(5775,5781)                |
| Griffin:(5828,5835)               |
| App:(6900,6903)                   |
| Stephen Curry:(254,267)           |
| Paul George:(401,412)             |
| Andre Drummond:(448,462)          |
| Dwyane Wade:(526,537)             |
| Kyrie Irving:(621,633)            |
| City Thunder:(830,842)            |
| Kevin Durant:(876,888)            |
| Blake Griffin:(929,942)           |
| Phoenix Suns:(4285,4297)          |
| Stephen Curry:(5147,5160)         |
| Paul George:(5294,5305)           |
| Andre Drummond:(5341,5355)        |
| Dwyane Wade:(5419,5430)           |
| Kyrie Irving:(5514,5526)          |
| City Thunder:(5723,5735)          |
| Kevin Durant:(5769,5781)          |
| Blake Griffin:(5822,5835)         |
| Oklahoma City Thunder:(821,842)   |
| Oklahoma City Thunder:(5714,5735) |
+-----------------------------------+
39 rows in set

View: Team
+-----------------------------------+
| TeamName                          |
+-----------------------------------+
| Lakers:(26,32)                    |
| Warriors:(244,252)                |
| Cavaliers:(296,305)               |
| Pacers:(393,399)                  |
| Pistons:(439,446)                 |
| Cavaliers:(610,619)               |
| Clippers:(919,927)                |
| Lakers:(4919,4925)                |
| Warriors:(5137,5145)              |
| Cavaliers:(5189,5198)             |
| Pacers:(5286,5292)                |
| Pistons:(5332,5339)               |
| Cavaliers:(5503,5512)             |
| Clippers:(5812,5820)              |
| Angeles Lakers:(18,32)            |
| State Warriors:(238,252)          |
| Cleveland Cavaliers:(286,305)     |
| Indiana Pacers:(385,399)          |
| Detroit Pistons:(431,446)         |
| Angeles Clippers:(911,927)        |
| Angeles Lakers:(4911,4925)        |
| State Warriors:(5131,5145)        |
| Cleveland Cavaliers:(5179,5198)   |
| Indiana Pacers:(5278,5292)        |
| Detroit Pistons:(5324,5339)       |
| Angeles Clippers:(5804,5820)      |
| Los Angeles Lakers:(14,32)        |
| Golden State Warriors:(231,252)   |
| Los Angeles Clippers:(907,927)    |
| Los Angeles Lakers:(4907,4925)    |
| Golden State Warriors:(5124,5145) |
| Los Angeles Clippers:(5800,5820)  |
+-----------------------------------+
32 rows in set

